2025-08-07 13:43:22,277 - ERROR - Необработанное исключение: TitleDoesNotExist: <Model: Title> instance matching query does not exist:
SQL: SELECT `t1`.`id`, `t1`.`name`, `t1`.`sredi`, `t1`.`vozrast`, `t1`.`data_start`, `t1`.`data_end`, `t1`.`mesto`, `t1`.`referee`, `t1`.`kat_ref`, `t1`.`secretary`, `t1`.`kat_sec`, `t1`.`gamer`, `t1`.`full_name_comp`, `t1`.`pdf_comp`, `t1`.`short_name_comp`, `t1`.`tab_enabled`, `t1`.`multiregion`, `t1`.`perenos`, `t1`.`otchestvo` FROM `titles` AS `t1` WHERE ((`t1`.`full_name_comp` = %s) AND (`t1`.`vozrast` = %s)) LIMIT %s OFFSET %s
Params: ['', '', 1, 0]
2025-08-07 13:43:22,321 - ERROR - Трассировка стека:
Traceback (most recent call last):
  File "C:\Users\Alex\Competitions_TT_v1.1\venv\Lib\site-packages\peewee.py", line 7297, in get
    return clone.execute(database)[0]
           ~~~~~~~~~~~~~~~~~~~~~~~^^^
  File "C:\Users\Alex\Competitions_TT_v1.1\venv\Lib\site-packages\peewee.py", line 4583, in __getitem__
    return self.row_cache[item]
           ~~~~~~~~~~~~~~^^^^^^
IndexError: list index out of range

During handling of the above exception, another exception occurred:

Traceback (most recent call last):
  File "c:\Users\Alex\Competitions_TT_v1.1\main.py", line 1284, in open
    go_to()
    ~~~~~^^
  File "c:\Users\Alex\Competitions_TT_v1.1\main.py", line 2101, in go_to
    titles = Title.get((Title.full_name_comp == full_name) & (Title.vozrast == age))
  File "C:\Users\Alex\Competitions_TT_v1.1\venv\Lib\site-packages\peewee.py", line 6840, in get
    return sq.get()
           ~~~~~~^^
  File "C:\Users\Alex\Competitions_TT_v1.1\venv\Lib\site-packages\peewee.py", line 7300, in get
    raise self.model.DoesNotExist('%s instance matching query does '
                                  'not exist:\nSQL: %s\nParams: %s' %
                                  (clone.model, sql, params))
models.TitleDoesNotExist: <Model: Title> instance matching query does not exist:
SQL: SELECT `t1`.`id`, `t1`.`name`, `t1`.`sredi`, `t1`.`vozrast`, `t1`.`data_start`, `t1`.`data_end`, `t1`.`mesto`, `t1`.`referee`, `t1`.`kat_ref`, `t1`.`secretary`, `t1`.`kat_sec`, `t1`.`gamer`, `t1`.`full_name_comp`, `t1`.`pdf_comp`, `t1`.`short_name_comp`, `t1`.`tab_enabled`, `t1`.`multiregion`, `t1`.`perenos`, `t1`.`otchestvo` FROM `titles` AS `t1` WHERE ((`t1`.`full_name_comp` = %s) AND (`t1`.`vozrast` = %s)) LIMIT %s OFFSET %s
Params: ['', '', 1, 0]
